<?xml version="1.0" encoding="UTF-8"?>
<!-- Generated by org.testng.reporters.JUnitXMLReporter -->
<testsuite ignored="0" hostname="LAPTOP-SQN05NQ4" failures="0" tests="3" name="Surefire test" time="32.22" errors="0" timestamp="2024-01-06T09:56:33 IST">
  <testcase classname="com.qa.tests.Product_Search_Filter_Test" name="GetTitle" time="0.122"/>
  <testcase classname="com.qa.tests.Product_Search_Filter_Test" name="GetUrl" time="2.682"/>
  <testcase classname="com.qa.tests.Product_Search_Filter_Test" name="Verify_Product_Filter" time="5.658"/>
</testsuite> <!-- Surefire test -->
