<?xml version="1.0" encoding="UTF-8"?>
<!-- Generated by org.testng.reporters.JUnitXMLReporter -->
<testsuite ignored="2" hostname="LAPTOP-SQN05NQ4" failures="1" tests="1" name="Surefire test" time="7.338" errors="0" timestamp="2024-01-05T23:23:15 IST">
  <testcase classname="com.qa.tests.Product_Search_Filter_Test" name="Verify_Product_Filter" time="0.054">
    <failure type="java.lang.NullPointerException" message="Cannot invoke &amp;quot;com.qa.pages.ProductInfoPage.Search_And_Filter()&amp;quot; because &amp;quot;this.product&amp;quot; is null">
      <![CDATA[java.lang.NullPointerException: Cannot invoke "com.qa.pages.ProductInfoPage.Search_And_Filter()" because "this.product" is null
at com.qa.tests.Product_Search_Filter_Test.Verify_Product_Filter(Product_Search_Filter_Test.java:10)
at java.base/java.util.ArrayList.forEach(ArrayList.java:1511)
... Removed 32 stack frames]]>
    </failure>
  </testcase> <!-- Verify_Product_Filter -->
  <testcase classname="com.qa.basesetup.BaseTest" name="@AfterTest tearDown" time="0.0">
    <ignored/>
  </testcase> <!-- @AfterTest tearDown -->
  <testcase classname="com.qa.basesetup.BaseTest" name="@BeforeTest setup" time="0.0">
    <ignored/>
  </testcase> <!-- @BeforeTest setup -->
</testsuite> <!-- Surefire test -->
