<?xml version="1.0" encoding="UTF-8"?>
<!-- Generated by org.testng.reporters.JUnitXMLReporter -->
<testsuite ignored="2" hostname="LAPTOP-SQN05NQ4" failures="0" tests="1" name="Default test" time="17.763" errors="0" timestamp="2024-01-06T09:55:33 IST">
  <testcase classname="com.qa.tests.Product_Search_Filter_Test" name="Verify_Product_Filter" time="6.794"/>
  <testcase classname="com.qa.tests.Product_Search_Filter_Test" name="GetUrl" time="0.0">
    <ignored/>
  </testcase> <!-- GetUrl -->
  <testcase classname="com.qa.tests.Product_Search_Filter_Test" name="GetTitle" time="0.0">
    <ignored/>
  </testcase> <!-- GetTitle -->
</testsuite> <!-- Default test -->
