<?xml version="1.0" encoding="UTF-8"?>
<testng-results ignored="0" total="3" passed="3" failed="0" skipped="0">
  <reporter-output>
  </reporter-output>
  <suite started-at="2024-01-06T09:56:01 IST" name="Surefire suite" finished-at="2024-01-06T09:56:33 IST" duration-ms="32220">
    <groups>
    </groups>
    <test started-at="2024-01-06T09:56:01 IST" name="Surefire test" finished-at="2024-01-06T09:56:33 IST" duration-ms="32220">
      <class name="com.qa.tests.Product_Search_Filter_Test">
        <test-method is-config="true" signature="setup()[pri:0, instance:com.qa.tests.Product_Search_Filter_Test@4f67eb2a]" started-at="2024-01-06T09:56:01 IST" name="setup" finished-at="2024-01-06T09:56:10 IST" duration-ms="9444" status="PASS">
          <reporter-output>
          </reporter-output>
        </test-method> <!-- setup -->
        <test-method signature="GetTitle()[pri:0, instance:com.qa.tests.Product_Search_Filter_Test@4f67eb2a]" started-at="2024-01-06T09:56:10 IST" name="GetTitle" finished-at="2024-01-06T09:56:10 IST" duration-ms="122" status="PASS">
          <reporter-output>
          </reporter-output>
        </test-method> <!-- GetTitle -->
        <test-method is-config="true" signature="tearDown()[pri:0, instance:com.qa.tests.Product_Search_Filter_Test@4f67eb2a]" started-at="2024-01-06T09:56:10 IST" name="tearDown" finished-at="2024-01-06T09:56:11 IST" duration-ms="353" status="PASS">
          <reporter-output>
          </reporter-output>
        </test-method> <!-- tearDown -->
        <test-method is-config="true" signature="setup()[pri:0, instance:com.qa.tests.Product_Search_Filter_Test@4f67eb2a]" started-at="2024-01-06T09:56:11 IST" name="setup" finished-at="2024-01-06T09:56:16 IST" duration-ms="5298" status="PASS">
          <reporter-output>
          </reporter-output>
        </test-method> <!-- setup -->
        <test-method signature="GetUrl()[pri:0, instance:com.qa.tests.Product_Search_Filter_Test@4f67eb2a]" started-at="2024-01-06T09:56:16 IST" name="GetUrl" finished-at="2024-01-06T09:56:19 IST" duration-ms="2682" status="PASS">
          <reporter-output>
          </reporter-output>
        </test-method> <!-- GetUrl -->
        <test-method is-config="true" signature="tearDown()[pri:0, instance:com.qa.tests.Product_Search_Filter_Test@4f67eb2a]" started-at="2024-01-06T09:56:19 IST" name="tearDown" finished-at="2024-01-06T09:56:19 IST" duration-ms="369" status="PASS">
          <reporter-output>
          </reporter-output>
        </test-method> <!-- tearDown -->
        <test-method is-config="true" signature="setup()[pri:0, instance:com.qa.tests.Product_Search_Filter_Test@4f67eb2a]" started-at="2024-01-06T09:56:19 IST" name="setup" finished-at="2024-01-06T09:56:27 IST" duration-ms="7695" status="PASS">
          <reporter-output>
          </reporter-output>
        </test-method> <!-- setup -->
        <test-method signature="Verify_Product_Filter()[pri:0, instance:com.qa.tests.Product_Search_Filter_Test@4f67eb2a]" started-at="2024-01-06T09:56:27 IST" name="Verify_Product_Filter" finished-at="2024-01-06T09:56:33 IST" duration-ms="5658" status="PASS">
          <reporter-output>
          </reporter-output>
        </test-method> <!-- Verify_Product_Filter -->
        <test-method is-config="true" signature="tearDown()[pri:0, instance:com.qa.tests.Product_Search_Filter_Test@4f67eb2a]" started-at="2024-01-06T09:56:33 IST" name="tearDown" finished-at="2024-01-06T09:56:33 IST" duration-ms="330" status="PASS">
          <reporter-output>
          </reporter-output>
        </test-method> <!-- tearDown -->
      </class> <!-- com.qa.tests.Product_Search_Filter_Test -->
    </test> <!-- Surefire test -->
  </suite> <!-- Surefire suite -->
</testng-results>
