<?xml version="1.0" encoding="UTF-8"?>
<testsuite xmlns:xsi="http://www.w3.org/2001/XMLSchema-instance" xsi:noNamespaceSchemaLocation="https://maven.apache.org/surefire/maven-surefire-plugin/xsd/surefire-test-report-3.0.xsd" version="3.0" name="TestSuite" time="33.4" tests="3" errors="0" skipped="0" failures="0">
  <properties>
[...]
</properties>
  <testcase name="GetTitle" classname="com.qa.tests.Product_Search_Filter_Test" time="0.049">
    <system-out><![CDATA[Running test cases on Env: null
no env is passed....Running tests on QA env...
Browser name is:chrome
The Page Title is : Online Shopping Site for Mobiles, Electronics, Furniture, Grocery, Lifestyle, Books & More. Best Offers!
]]></system-out>
    <system-err><![CDATA[SLF4J: Failed to load class "org.slf4j.impl.StaticLoggerBinder".
SLF4J: Defaulting to no-operation (NOP) logger implementation
SLF4J: See http://www.slf4j.org/codes.html#StaticLoggerBinder for further details.
]]></system-err>
  </testcase>
  <testcase name="GetUrl" classname="com.qa.tests.Product_Search_Filter_Test" time="2.688">
    <system-out><![CDATA[Running test cases on Env: null
no env is passed....Running tests on QA env...
Browser name is:chrome
The Page Url is : https://www.flipkart.com/
]]></system-out>
  </testcase>
  <testcase name="Verify_Product_Filter" classname="com.qa.tests.Product_Search_Filter_Test" time="5.652">
    <system-out><![CDATA[Running test cases on Env: null
no env is passed....Running tests on QA env...
Browser name is:chrome
done
]]></system-out>
  </testcase>
</testsuite>